
  .   ____          _            __ _ _
 /\\ / ___'_ __ _ _(_)_ __  __ _ \ \ \ \
( ( )\___ | '_ | '_| | '_ \/ _` | \ \ \ \
 \\/  ___)| |_)| | | | | || (_| |  ) ) ) )
  '  |____| .__|_| |_|_| |_\__, | / / / /
 =========|_|==============|___/=/_/_/_/

 :: Spring Boot ::                (v4.1.0)

2026-07-12T16:44:33.244-03:00  INFO 160212 --- [AppointmentApplication] [           main] c.a.f.spring.AppointmentApplication      : Starting AppointmentApplication using Java 25.0.2 with PID 160212 (/home/dev/Documents/WORK/PERSONAL/INTERVIEW/Full-Stack-Test/backend/appointment-service/target/classes started by dev in /home/dev/Documents/WORK/PERSONAL/INTERVIEW/Full-Stack-Test/backend/appointment-service)
2026-07-12T16:44:33.248-03:00  INFO 160212 --- [AppointmentApplication] [           main] c.a.f.spring.AppointmentApplication      : No active profile set, falling back to 1 default profile: "default"
2026-07-12T16:44:33.527-03:00  INFO 160212 --- [AppointmentApplication] [           main] .s.d.r.c.RepositoryConfigurationDelegate : Bootstrapping Spring Data JPA repositories in DEFAULT mode.
2026-07-12T16:44:33.553-03:00  INFO 160212 --- [AppointmentApplication] [           main] .s.d.r.c.RepositoryConfigurationDelegate : Finished Spring Data repository scanning in 16 ms. Found 1 JPA repository interface.
2026-07-12T16:44:33.997-03:00  INFO 160212 --- [AppointmentApplication] [           main] o.s.boot.tomcat.TomcatWebServer          : Tomcat initialized with port 8080 (http)
2026-07-12T16:44:34.003-03:00  INFO 160212 --- [AppointmentApplication] [           main] o.apache.catalina.core.StandardService   : Starting service [Tomcat]
2026-07-12T16:44:34.004-03:00  INFO 160212 --- [AppointmentApplication] [           main] o.apache.catalina.core.StandardEngine    : Starting Servlet engine: [Apache Tomcat/11.0.22]
2026-07-12T16:44:34.024-03:00  INFO 160212 --- [AppointmentApplication] [           main] b.w.c.s.WebApplicationContextInitializer : Root WebApplicationContext: initialization completed in 752 ms
2026-07-12T16:44:34.208-03:00  INFO 160212 --- [AppointmentApplication] [           main] com.zaxxer.hikari.HikariDataSource       : AppointmentHikariPool - Starting...
2026-07-12T16:44:34.352-03:00  INFO 160212 --- [AppointmentApplication] [           main] com.zaxxer.hikari.pool.HikariPool        : AppointmentHikariPool - Added connection conn1: url=jdbc:h2:file:../data/appointment-db user=SA
2026-07-12T16:44:34.353-03:00  INFO 160212 --- [AppointmentApplication] [           main] com.zaxxer.hikari.HikariDataSource       : AppointmentHikariPool - Start completed.
2026-07-12T16:44:34.358-03:00  INFO 160212 --- [AppointmentApplication] [           main] org.flywaydb.core.FlywayExecutor         : Database: jdbc:h2:file:../data/appointment-db (H2 2.4)
2026-07-12T16:44:34.376-03:00  WARN 160212 --- [AppointmentApplication] [           main] o.f.c.internal.database.base.Database    : Using H2 2.4.240 which is newer than the version Flyway has been verified with. The latest verified version of H2 is 2.3.232.
2026-07-12T16:44:34.392-03:00  INFO 160212 --- [AppointmentApplication] [           main] o.f.core.internal.command.DbValidate     : Successfully validated 3 migrations (execution time 00:00.008s)
2026-07-12T16:44:34.396-03:00  INFO 160212 --- [AppointmentApplication] [           main] o.f.core.internal.command.DbMigrate      : Current version of schema "PUBLIC": 3
2026-07-12T16:44:34.398-03:00  INFO 160212 --- [AppointmentApplication] [           main] o.f.core.internal.command.DbMigrate      : Schema "PUBLIC" is up to date. No migration necessary.
2026-07-12T16:44:34.453-03:00  INFO 160212 --- [AppointmentApplication] [           main] org.hibernate.orm.jpa                    : HHH008540: Processing PersistenceUnitInfo [name: default]
2026-07-12T16:44:34.473-03:00  INFO 160212 --- [AppointmentApplication] [           main] org.hibernate.orm.core                   : HHH000001: Hibernate ORM core version 7.4.1.Final
2026-07-12T16:44:34.625-03:00  INFO 160212 --- [AppointmentApplication] [           main] o.s.o.j.p.SpringPersistenceUnitInfo      : No LoadTimeWeaver setup: ignoring JPA class transformer
2026-07-12T16:44:34.663-03:00  INFO 160212 --- [AppointmentApplication] [           main] org.hibernate.orm.connections.pooling    : HHH10001005: Database info:
	Database JDBC URL [jdbc:h2:file:../data/appointment-db]
	Database driver: H2 JDBC Driver
	Database dialect: H2Dialect
	Database version: 2.4.240
	Default catalog/schema: APPOINTMENT-DB/PUBLIC
	Autocommit mode: undefined/unknown
	Isolation level: READ_COMMITTED [default READ_COMMITTED]
	JDBC fetch size: 100
	Pool: DataSourceConnectionProvider
	Minimum pool size: undefined/unknown
	Maximum pool size: undefined/unknown
2026-07-12T16:44:35.004-03:00  INFO 160212 --- [AppointmentApplication] [           main] org.hibernate.orm.core                   : HHH000489: No JTA platform available (set 'hibernate.transaction.jta.platform' to enable JTA platform integration)
2026-07-12T16:44:35.016-03:00  INFO 160212 --- [AppointmentApplication] [           main] j.LocalContainerEntityManagerFactoryBean : Initialized JPA EntityManagerFactory for persistence unit 'default'
2026-07-12T16:44:35.087-03:00  INFO 160212 --- [AppointmentApplication] [           main] o.s.d.j.r.query.QueryEnhancerFactories   : Hibernate is in classpath; If applicable, HQL parser will be used.
2026-07-12T16:44:35.368-03:00  WARN 160212 --- [AppointmentApplication] [           main] JpaBaseConfiguration$JpaWebConfiguration : spring.jpa.open-in-view is enabled by default. Therefore, database queries may be performed during view rendering. Explicitly configure spring.jpa.open-in-view to disable this warning
2026-07-12T16:44:35.800-03:00  INFO 160212 --- [AppointmentApplication] [           main] o.s.b.h.a.H2ConsoleAutoConfiguration     : H2 console available at '/h2-console'. Database available at 'jdbc:h2:file:../data/appointment-db'
2026-07-12T16:44:35.889-03:00  INFO 160212 --- [AppointmentApplication] [           main] o.s.boot.tomcat.TomcatWebServer          : Tomcat started on port 8080 (http) with context path '/'
2026-07-12T16:44:35.893-03:00  INFO 160212 --- [AppointmentApplication] [           main] c.a.f.spring.AppointmentApplication      : Started AppointmentApplication in 2.854 seconds (process running for 3.012)
2026-07-12T16:45:26.412-03:00  INFO 160212 --- [AppointmentApplication] [nio-8080-exec-1] o.a.c.c.C.[Tomcat].[localhost].[/]       : Initializing Spring DispatcherServlet 'dispatcherServlet'
2026-07-12T16:45:26.413-03:00  INFO 160212 --- [AppointmentApplication] [nio-8080-exec-1] o.s.web.servlet.DispatcherServlet        : Initializing Servlet 'dispatcherServlet'
2026-07-12T16:45:26.414-03:00  INFO 160212 --- [AppointmentApplication] [nio-8080-exec-1] o.s.web.servlet.DispatcherServlet        : Completed initialization in 1 ms
2026-07-12T16:45:26.649-03:00  WARN 160212 --- [AppointmentApplication] [nio-8080-exec-1] o.h.v.i.m.a.CascadingMetaDataBuilder     : HV000272: Using `@Valid` on a container is deprecated. You should apply the annotation on the type argument(s). (java.lang.Object) can potentially be a container at runtime. Affected element: BaseUseCase#execute(Object)
2026-07-12T16:45:26.684-03:00  INFO 160212 --- [AppointmentApplication] [nio-8080-exec-1] o.a.kafka.common.config.AbstractConfig   : ProducerConfig values: 
	acks = -1
	batch.size = 16384
	bootstrap.servers = [localhost:9092]
	buffer.memory = 33554432
	client.dns.lookup = use_all_dns_ips
	client.id = AppointmentApplication-producer-1
	compression.gzip.level = -1
	compression.lz4.level = 9
	compression.type = none
	compression.zstd.level = 3
	config.providers = []
	connections.max.idle.ms = 540000
	delivery.timeout.ms = 120000
	enable.idempotence = true
	enable.metrics.push = true
	interceptor.classes = []
	key.serializer = class org.apache.kafka.common.serialization.StringSerializer
	linger.ms = 5
	max.block.ms = 60000
	max.in.flight.requests.per.connection = 5
	max.request.size = 1048576
	metadata.max.age.ms = 300000
	metadata.max.idle.ms = 300000
	metadata.recovery.rebootstrap.trigger.ms = 300000
	metadata.recovery.strategy = rebootstrap
	metric.reporters = [org.apache.kafka.common.metrics.JmxReporter]
	metrics.num.samples = 2
	metrics.recording.level = INFO
	metrics.sample.window.ms = 30000
	partitioner.adaptive.partitioning.enable = true
	partitioner.availability.timeout.ms = 0
	partitioner.class = null
	partitioner.ignore.keys = false
	receive.buffer.bytes = 32768
	reconnect.backoff.max.ms = 1000
	reconnect.backoff.ms = 50
	request.timeout.ms = 30000
	retries = 2147483647
	retry.backoff.max.ms = 1000
	retry.backoff.ms = 100
	sasl.client.callback.handler.class = null
	sasl.jaas.config = null
	sasl.kerberos.kinit.cmd = /usr/bin/kinit
	sasl.kerberos.min.time.before.relogin = 60000
	sasl.kerberos.service.name = null
	sasl.kerberos.ticket.renew.jitter = 0.05
	sasl.kerberos.ticket.renew.window.factor = 0.8
	sasl.login.callback.handler.class = null
	sasl.login.class = null
	sasl.login.connect.timeout.ms = null
	sasl.login.read.timeout.ms = null
	sasl.login.refresh.buffer.seconds = 300
	sasl.login.refresh.min.period.seconds = 60
	sasl.login.refresh.window.factor = 0.8
	sasl.login.refresh.window.jitter = 0.05
	sasl.login.retry.backoff.max.ms = 10000
	sasl.login.retry.backoff.ms = 100
	sasl.mechanism = GSSAPI
	sasl.oauthbearer.assertion.algorithm = RS256
	sasl.oauthbearer.assertion.claim.aud = null
	sasl.oauthbearer.assertion.claim.exp.seconds = 300
	sasl.oauthbearer.assertion.claim.iss = null
	sasl.oauthbearer.assertion.claim.jti.include = false
	sasl.oauthbearer.assertion.claim.nbf.seconds = 60
	sasl.oauthbearer.assertion.claim.sub = null
	sasl.oauthbearer.assertion.file = null
	sasl.oauthbearer.assertion.private.key.file = null
	sasl.oauthbearer.assertion.private.key.passphrase = null
	sasl.oauthbearer.assertion.template.file = null
	sasl.oauthbearer.client.credentials.client.id = null
	sasl.oauthbearer.client.credentials.client.secret = null
	sasl.oauthbearer.clock.skew.seconds = 30
	sasl.oauthbearer.expected.audience = []
	sasl.oauthbearer.expected.issuer = null
	sasl.oauthbearer.header.urlencode = false
	sasl.oauthbearer.jwks.endpoint.refresh.ms = 3600000
	sasl.oauthbearer.jwks.endpoint.retry.backoff.max.ms = 10000
	sasl.oauthbearer.jwks.endpoint.retry.backoff.ms = 100
	sasl.oauthbearer.jwks.endpoint.url = null
	sasl.oauthbearer.jwt.retriever.class = class org.apache.kafka.common.security.oauthbearer.DefaultJwtRetriever
	sasl.oauthbearer.jwt.validator.class = class org.apache.kafka.common.security.oauthbearer.DefaultJwtValidator
	sasl.oauthbearer.scope = null
	sasl.oauthbearer.scope.claim.name = scope
	sasl.oauthbearer.sub.claim.name = sub
	sasl.oauthbearer.token.endpoint.url = null
	security.protocol = PLAINTEXT
	security.providers = null
	send.buffer.bytes = 131072
	socket.connection.setup.timeout.max.ms = 30000
	socket.connection.setup.timeout.ms = 10000
	ssl.cipher.suites = []
	ssl.enabled.protocols = [TLSv1.2, TLSv1.3]
	ssl.endpoint.identification.algorithm = https
	ssl.engine.factory.class = null
	ssl.key.password = null
	ssl.keymanager.algorithm = SunX509
	ssl.keystore.certificate.chain = null
	ssl.keystore.key = null
	ssl.keystore.location = null
	ssl.keystore.password = null
	ssl.keystore.type = JKS
	ssl.protocol = TLSv1.3
	ssl.provider = null
	ssl.secure.random.implementation = null
	ssl.trustmanager.algorithm = PKIX
	ssl.truststore.certificates = null
	ssl.truststore.location = null
	ssl.truststore.password = null
	ssl.truststore.type = JKS
	transaction.timeout.ms = 60000
	transaction.two.phase.commit.enable = false
	transactional.id = null
	value.serializer = class io.confluent.kafka.serializers.KafkaAvroSerializer

2026-07-12T16:45:26.698-03:00  INFO 160212 --- [AppointmentApplication] [nio-8080-exec-1] o.a.k.c.t.i.KafkaMetricsCollector        : initializing Kafka metrics collector
2026-07-12T16:45:26.740-03:00  INFO 160212 --- [AppointmentApplication] [nio-8080-exec-1] o.a.kafka.common.config.AbstractConfig   : KafkaAvroSerializerConfig values: 
	auto.register.schemas = true
	avro.reflection.allow.null = false
	avro.remove.java.properties = false
	avro.use.logical.type.converters = false
	basic.auth.credentials.source = URL
	basic.auth.user.info = [hidden]
	bearer.auth.cache.expiry.buffer.seconds = 300
	bearer.auth.client.id = null
	bearer.auth.client.secret = null
	bearer.auth.credentials.source = STATIC_TOKEN
	bearer.auth.custom.provider.class = null
	bearer.auth.identity.pool.id = null
	bearer.auth.issuer.endpoint.url = null
	bearer.auth.logical.cluster = null
	bearer.auth.scope = null
	bearer.auth.scope.claim.name = scope
	bearer.auth.sub.claim.name = sub
	bearer.auth.token = [hidden]
	context.name.strategy = class io.confluent.kafka.serializers.context.NullContextNameStrategy
	http.connect.timeout.ms = 60000
	http.read.timeout.ms = 60000
	id.compatibility.strict = true
	key.subject.name.strategy = class io.confluent.kafka.serializers.subject.TopicNameStrategy
	latest.cache.size = 1000
	latest.cache.ttl.sec = -1
	latest.compatibility.strict = true
	max.schemas.per.subject = 1000
	normalize.schemas = false
	proxy.host = 
	proxy.port = -1
	rule.actions = []
	rule.executors = []
	rule.service.loader.enable = true
	schema.format = null
	schema.reflection = false
	schema.registry.basic.auth.user.info = [hidden]
	schema.registry.ssl.cipher.suites = []
	schema.registry.ssl.enabled.protocols = [TLSv1.2, TLSv1.3]
	schema.registry.ssl.endpoint.identification.algorithm = https
	schema.registry.ssl.engine.factory.class = null
	schema.registry.ssl.key.password = null
	schema.registry.ssl.keymanager.algorithm = SunX509
	schema.registry.ssl.keystore.certificate.chain = null
	schema.registry.ssl.keystore.key = null
	schema.registry.ssl.keystore.location = null
	schema.registry.ssl.keystore.password = null
	schema.registry.ssl.keystore.type = JKS
	schema.registry.ssl.protocol = TLSv1.3
	schema.registry.ssl.provider = null
	schema.registry.ssl.secure.random.implementation = null
	schema.registry.ssl.trustmanager.algorithm = PKIX
	schema.registry.ssl.truststore.certificates = null
	schema.registry.ssl.truststore.location = null
	schema.registry.ssl.truststore.password = null
	schema.registry.ssl.truststore.type = JKS
	schema.registry.url = [http://localhost:8081]
	use.latest.version = false
	use.latest.with.metadata = null
	use.schema.id = -1
	value.subject.name.strategy = class io.confluent.kafka.serializers.subject.TopicNameStrategy

2026-07-12T16:45:26.784-03:00  INFO 160212 --- [AppointmentApplication] [nio-8080-exec-1] o.a.k.clients.producer.KafkaProducer     : [Producer clientId=AppointmentApplication-producer-1] Instantiated an idempotent producer.
2026-07-12T16:45:26.801-03:00  INFO 160212 --- [AppointmentApplication] [nio-8080-exec-1] o.a.kafka.common.config.AbstractConfig   : These configurations '[schema.registry.url]' were supplied but are not used yet.
2026-07-12T16:45:26.802-03:00  INFO 160212 --- [AppointmentApplication] [nio-8080-exec-1] o.a.kafka.common.utils.AppInfoParser     : Kafka version: 4.2.1
2026-07-12T16:45:26.802-03:00  INFO 160212 --- [AppointmentApplication] [nio-8080-exec-1] o.a.kafka.common.utils.AppInfoParser     : Kafka commitId: 92f61c44867f39dc
2026-07-12T16:45:26.802-03:00  INFO 160212 --- [AppointmentApplication] [nio-8080-exec-1] o.a.kafka.common.utils.AppInfoParser     : Kafka startTimeMs: 1783885526801
2026-07-12T16:45:26.943-03:00  INFO 160212 --- [AppointmentApplication] [tion-producer-1] org.apache.kafka.clients.Metadata        : [Producer clientId=AppointmentApplication-producer-1] Cluster ID: Some(MkU3OEVBNTcwNTJENDM2Qk)
2026-07-12T16:45:26.944-03:00  INFO 160212 --- [AppointmentApplication] [tion-producer-1] o.a.k.c.p.internals.TransactionManager   : [Producer clientId=AppointmentApplication-producer-1] ProducerId set to 3001 with epoch 0
2026-07-12T17:37:31.453-03:00  INFO 160212 --- [AppointmentApplication] [ionShutdownHook] o.s.boot.tomcat.GracefulShutdown         : Commencing graceful shutdown. Waiting for active requests to complete
2026-07-12T17:37:31.458-03:00  INFO 160212 --- [AppointmentApplication] [tomcat-shutdown] o.s.boot.tomcat.GracefulShutdown         : Graceful shutdown complete
2026-07-12T17:37:31.459-03:00  INFO 160212 --- [AppointmentApplication] [ionShutdownHook] o.a.k.clients.producer.KafkaProducer     : [Producer clientId=AppointmentApplication-producer-1] Closing the Kafka producer with timeoutMillis = 30000 ms.
2026-07-12T17:37:31.463-03:00  INFO 160212 --- [AppointmentApplication] [ionShutdownHook] o.apache.kafka.common.metrics.Metrics    : Metrics scheduler closed
2026-07-12T17:37:31.463-03:00  INFO 160212 --- [AppointmentApplication] [ionShutdownHook] o.apache.kafka.common.metrics.Metrics    : Closing reporter org.apache.kafka.common.metrics.JmxReporter
2026-07-12T17:37:31.463-03:00  INFO 160212 --- [AppointmentApplication] [ionShutdownHook] o.apache.kafka.common.metrics.Metrics    : Closing reporter org.apache.kafka.common.telemetry.internals.ClientTelemetryReporter
2026-07-12T17:37:31.463-03:00  INFO 160212 --- [AppointmentApplication] [ionShutdownHook] o.apache.kafka.common.metrics.Metrics    : Metrics reporters closed
2026-07-12T17:37:31.464-03:00  INFO 160212 --- [AppointmentApplication] [ionShutdownHook] o.a.kafka.common.utils.AppInfoParser     : App info kafka.producer for AppointmentApplication-producer-1 unregistered
2026-07-12T17:37:31.466-03:00  INFO 160212 --- [AppointmentApplication] [ionShutdownHook] j.LocalContainerEntityManagerFactoryBean : Closing JPA EntityManagerFactory for persistence unit 'default'
2026-07-12T17:37:31.468-03:00  INFO 160212 --- [AppointmentApplication] [ionShutdownHook] com.zaxxer.hikari.HikariDataSource       : AppointmentHikariPool - Shutdown initiated...
2026-07-12T17:37:31.469-03:00  INFO 160212 --- [AppointmentApplication] [ionShutdownHook] com.zaxxer.hikari.HikariDataSource       : AppointmentHikariPool - Shutdown completed.
